[2020-03-12T19:51:17.338Z] info : PlanetStore::validate => Validando campos obrigatórios para planeta.
[2020-03-12T19:51:17.350Z] info : PlanetStore::validate => Campos obrigatórios validados com sucesso.
[2020-03-12T19:51:17.350Z] info : PlanetController::store =>  Iniciando cadastro do planeta Geonosiss
[2020-03-12T19:51:17.365Z] info : PlanetController::SWAPI => Iniciando consulta de participacoes em filmes.
[2020-03-12T19:51:18.460Z] error : PlanetController::PlanetController => Participacoes em filmes nao foi encontrada.
[2020-03-12T19:51:18.489Z] info : PlanetController::store =>  Planeta Geonosiss cadastrado com sucesso.
[2020-03-12T20:35:43.399Z] info : PlanetStore::validate => Validando campos obrigatórios para planeta.
[2020-03-12T20:35:43.412Z] info : PlanetStore::validate => Campos obrigatórios validados com sucesso.
[2020-03-12T20:35:43.413Z] info : PlanetController::store =>  Iniciando cadastro do planeta Geonosiss
[2020-03-12T20:35:43.432Z] error : PlanetController::store => Planeta Geonosiss já cadastrado
[2020-03-13T00:59:02.082Z] info : PlanetStore::validate => Validando campos obrigatórios para planeta.
[2020-03-13T00:59:02.095Z] error : PlanetStore::validate => Um ou mais campos obrigatórios não foram informados.
[2020-03-13T01:29:18.582Z] info : PlanetController::index => Iniciando listagem de planeta(s)
[2020-03-13T01:29:18.608Z] info : PlanetController::index => Planeta(s) retornado(s) com sucesso.
[2020-03-13T01:29:25.915Z] info : PlanetController::delete =>  Iniciando exclusão do planeta de ID: undefined
[2020-03-13T01:29:25.927Z] info : PlanetController::delete => Planeta de ID undefined removido com sucesso.
[2020-03-13T01:29:29.253Z] info : PlanetController::index => Iniciando listagem de planeta(s)
[2020-03-13T01:29:29.262Z] info : PlanetController::index => Planeta(s) retornado(s) com sucesso.
[2020-03-13T01:32:06.107Z] info : PlanetController::delete =>  Iniciando exclusão do planeta de ID: undefined
[2020-03-13T01:32:06.130Z] info : PlanetController::delete => Planeta Geonosiss removido com sucesso.
[2020-03-13T01:32:09.291Z] info : PlanetController::index => Iniciando listagem de planeta(s)
[2020-03-13T01:32:09.307Z] info : PlanetController::index => Planeta(s) retornado(s) com sucesso.
[2020-03-13T01:32:16.846Z] info : FilterPlanetController::show => Consultando o planeta de ID: Geonosiss no BD.
[2020-03-13T01:32:16.853Z] error : FilterPlanetController::show => Erro ao realizar consulta no BD.
[2020-03-13T01:32:30.992Z] info : FilterPlanetController::show => Consultando o planeta de ID: Geonosiss no BD.
[2020-03-13T01:32:30.994Z] error : FilterPlanetController::show => Erro ao realizar consulta no BD.
[2020-03-13T01:32:32.081Z] info : FilterPlanetController::show => Consultando o planeta de ID: Geonosiss no BD.
[2020-03-13T01:32:32.082Z] error : FilterPlanetController::show => Erro ao realizar consulta no BD.
[2020-03-13T01:32:35.680Z] info : FilterPlanetController::show => Consultando o planeta de ID: 5e694d1bad17b304ad41fa94 no BD.
[2020-03-13T01:32:35.694Z] error : FilterPlanetController::show => O ID: 5e694d1bad17b304ad41fa94 não é válido.
[2020-03-13T01:32:58.900Z] info : PlanetController::index => Iniciando listagem de planeta(s)
[2020-03-13T01:32:58.903Z] info : PlanetController::index => Planeta(s) retornado(s) com sucesso.
[2020-03-13T01:33:05.337Z] info : PlanetController::delete =>  Iniciando exclusão do planeta de ID: undefined
[2020-03-13T01:33:05.344Z] info : PlanetController::delete => Planeta Geonosiss removido com sucesso.
[2020-03-13T01:33:08.126Z] info : PlanetController::index => Iniciando listagem de planeta(s)
[2020-03-13T01:33:08.133Z] info : PlanetController::index => Planeta(s) retornado(s) com sucesso.
[2020-03-13T01:33:12.195Z] info : FilterPlanetController::show => Consultando o planeta de ID: 5e694d1bad17b304ad41fa94 no BD.
[2020-03-13T01:33:12.199Z] error : FilterPlanetController::show => O ID: 5e694d1bad17b304ad41fa94 não é válido.
[2020-03-13T01:33:17.963Z] info : FilterPlanetController::index => Consultando o planeta Geonosiss no BD.
[2020-03-13T01:33:17.970Z] error : FilterPlanetController::index => O planeta Geonosiss não está cadastrado no BD.
[2020-03-13T02:10:20.310Z] info : PlanetController::index => Iniciando listagem de planeta(s)
[2020-03-13T02:10:20.316Z] info : PlanetController::index => Planeta(s) retornado(s) com sucesso.
[2020-03-13T02:11:01.854Z] info : PlanetStore::validate => Validando campos obrigatórios para planeta.
[2020-03-13T02:11:01.865Z] info : PlanetStore::validate => Campos obrigatórios validados com sucesso.
[2020-03-13T02:11:01.866Z] info : PlanetController::store =>  Iniciando cadastro do planeta Naboo
[2020-03-13T02:11:01.888Z] info : PlanetController::SWAPI => Iniciando consulta de participacoes em filmes.
[2020-03-13T02:11:02.840Z] info : PlanetController::SWAPI => Participacoes em filmes encontrada com sucesso.
[2020-03-13T02:11:02.870Z] info : PlanetController::store =>  Planeta Naboo cadastrado com sucesso.
